2010.02.13 21:57 B C:\Siddur Audio\pages-pesach\adir-hu.gif --> sidduraudio.com /pages-pesach adir-hu.gif
2010.02.13 21:58 B C:\Siddur Audio\pages-pesach\avadim-hayinu.gif --> sidduraudio.com /pages-pesach avadim-hayinu.gif
2010.02.13 21:58 B C:\Siddur Audio\pages-pesach\dayenu.gif --> sidduraudio.com /pages-pesach dayenu.gif
2010.02.13 21:58 B C:\Siddur Audio\pages-pesach\echad-mi-yodea.gif --> sidduraudio.com /pages-pesach echad-mi-yodea.gif
2010.02.13 21:58 B C:\Siddur Audio\pages-pesach\eliyahu.gif --> sidduraudio.com /pages-pesach eliyahu.gif
2010.02.13 21:58 B C:\Siddur Audio\pages-pesach\ha-lachma.gif --> sidduraudio.com /pages-pesach ha-lachma.gif
2010.02.13 21:58 B C:\Siddur Audio\pages-pesach\hallel-1.gif --> sidduraudio.com /pages-pesach hallel-1.gif
2010.02.13 21:58 B C:\Siddur Audio\pages-pesach\ki-lo-naeh.gif --> sidduraudio.com /pages-pesach ki-lo-naeh.gif
2010.02.13 21:58 B C:\Siddur Audio\pages-pesach\kiddush.gif --> sidduraudio.com /pages-pesach kiddush.gif
2010.02.13 21:58 B C:\Siddur Audio\pages-pesach\kos-sheinee.gif --> sidduraudio.com /pages-pesach kos-sheinee.gif
2010.02.13 21:58 B C:\Siddur Audio\pages-pesach\mah-nishtanah.gif --> sidduraudio.com /pages-pesach mah-nishtanah.gif
2010.02.13 21:58 B C:\Siddur Audio\pages-pesach\nirtzah.gif --> sidduraudio.com /pages-pesach nirtzah.gif
2010.02.13 21:58 B C:\Siddur Audio\pages-pesach\seder-order.gif --> sidduraudio.com /pages-pesach seder-order.gif
2010.02.13 21:59 B C:\Siddur Audio\pages-pesach\shir-hamaalot.gif --> sidduraudio.com /pages-pesach shir-hamaalot.gif
2010.02.13 21:59 B C:\Siddur Audio\pages-pesach\Thumbs.db --> sidduraudio.com /pages-pesach Thumbs.db
2010.02.13 21:59 B C:\Siddur Audio\pages-pesach\vehi-sheamda.gif --> sidduraudio.com /pages-pesach vehi-sheamda.gif
2013.11.26 22:05 B C:\Siddur Audio\pages-pesach\adir-hu.gif --> zim.us /pages-pesach adir-hu.gif
2013.11.26 22:05 B C:\Siddur Audio\pages-pesach\avadim-hayinu.gif --> zim.us /pages-pesach avadim-hayinu.gif
2013.11.26 22:05 B C:\Siddur Audio\pages-pesach\dayenu.gif --> zim.us /pages-pesach dayenu.gif
2013.11.26 22:05 B C:\Siddur Audio\pages-pesach\echad-mi-yodea.gif --> zim.us /pages-pesach echad-mi-yodea.gif
2013.11.26 22:05 B C:\Siddur Audio\pages-pesach\eliyahu.gif --> zim.us /pages-pesach eliyahu.gif
2013.11.26 22:05 B C:\Siddur Audio\pages-pesach\ha-lachma.gif --> zim.us /pages-pesach ha-lachma.gif
2013.11.26 22:05 B C:\Siddur Audio\pages-pesach\hallel-1.gif --> zim.us /pages-pesach hallel-1.gif
2013.11.26 22:05 B C:\Siddur Audio\pages-pesach\ki-lo-naeh.gif --> zim.us /pages-pesach ki-lo-naeh.gif
2013.11.26 22:05 B C:\Siddur Audio\pages-pesach\kiddush.gif --> zim.us /pages-pesach kiddush.gif
2013.11.26 22:05 B C:\Siddur Audio\pages-pesach\kos-sheinee.gif --> zim.us /pages-pesach kos-sheinee.gif
2013.11.26 22:05 B C:\Siddur Audio\pages-pesach\mah-nishtanah.gif --> zim.us /pages-pesach mah-nishtanah.gif
2013.11.26 22:05 B C:\Siddur Audio\pages-pesach\nirtzah.gif --> zim.us /pages-pesach nirtzah.gif
2013.11.26 22:05 B C:\Siddur Audio\pages-pesach\seder-order.gif --> zim.us /pages-pesach seder-order.gif
2013.11.26 22:05 B C:\Siddur Audio\pages-pesach\shir-hamaalot.gif --> zim.us /pages-pesach shir-hamaalot.gif
2013.11.26 22:05 B C:\Siddur Audio\pages-pesach\Thumbs.db --> zim.us /pages-pesach Thumbs.db
2013.11.26 22:05 B C:\Siddur Audio\pages-pesach\vehi-sheamda.gif --> zim.us /pages-pesach vehi-sheamda.gif
2013.11.26 22:05 B C:\Siddur Audio\pages-pesach\WS_FTP.LOG --> zim.us /pages-pesach WS_FTP.LOG
