2005.10.27 22:54 B C:\Siddur Audio2\picts\about-1.jpg --> sidduraudio.com /picts about-1.jpg
2005.10.27 22:54 B C:\Siddur Audio2\picts\about-2.jpg --> sidduraudio.com /picts about-2.jpg
2005.10.27 22:54 B C:\Siddur Audio2\picts\about-3.jpg --> sidduraudio.com /picts about-3.jpg
2005.10.27 22:54 B C:\Siddur Audio2\picts\background-left.gif --> sidduraudio.com /picts background-left.gif
2005.10.27 22:54 B C:\Siddur Audio2\picts\bar.gif --> sidduraudio.com /picts bar.gif
2005.10.27 22:55 B C:\Siddur Audio2\picts\contact-1.jpg --> sidduraudio.com /picts contact-1.jpg
2005.10.27 22:55 B C:\Siddur Audio2\picts\contact-2.jpg --> sidduraudio.com /picts contact-2.jpg
2005.10.27 22:55 B C:\Siddur Audio2\picts\home-1.jpg --> sidduraudio.com /picts home-1.jpg
2005.10.27 22:55 B C:\Siddur Audio2\picts\home-2.jpg --> sidduraudio.com /picts home-2.jpg
2005.10.27 22:55 B C:\Siddur Audio2\picts\home-3.jpg --> sidduraudio.com /picts home-3.jpg
2005.10.27 22:55 B C:\Siddur Audio2\picts\icon.jpg --> sidduraudio.com /picts icon.jpg
2005.10.27 22:55 B C:\Siddur Audio2\picts\icon1.jpg --> sidduraudio.com /picts icon1.jpg
2005.10.27 22:55 B C:\Siddur Audio2\picts\logo.jpg --> sidduraudio.com /picts logo.jpg
2005.10.27 22:55 B C:\Siddur Audio2\picts\new-1.jpg --> sidduraudio.com /picts new-1.jpg
2005.10.27 22:55 B C:\Siddur Audio2\picts\new-2.jpg --> sidduraudio.com /picts new-2.jpg
2005.10.27 22:55 B C:\Siddur Audio2\picts\new-3.jpg --> sidduraudio.com /picts new-3.jpg
2005.10.27 22:55 B C:\Siddur Audio2\picts\product-1.jpg --> sidduraudio.com /picts product-1.jpg
2005.10.27 22:55 B C:\Siddur Audio2\picts\product-2.jpg --> sidduraudio.com /picts product-2.jpg
2005.10.27 22:55 B C:\Siddur Audio2\picts\product-3.jpg --> sidduraudio.com /picts product-3.jpg
2005.10.27 22:55 B C:\Siddur Audio2\picts\product-4.jpg --> sidduraudio.com /picts product-4.jpg
2005.10.27 22:55 B C:\Siddur Audio2\picts\spacer.gif --> sidduraudio.com /picts spacer.gif
2005.10.27 22:55 B C:\Siddur Audio2\picts\testimonials-1.jpg --> sidduraudio.com /picts testimonials-1.jpg
2005.10.27 22:55 B C:\Siddur Audio2\picts\testimonials-2.jpg --> sidduraudio.com /picts testimonials-2.jpg
2005.10.27 22:55 B C:\Siddur Audio2\picts\Thumbs.db --> sidduraudio.com /picts Thumbs.db
2005.10.27 23:57 B C:\Siddur Audio\picts\float-contact.gif --> sidduraudio.com /picts float-contact.gif
2005.10.27 23:57 B C:\Siddur Audio\picts\float-home.gif --> sidduraudio.com /picts float-home.gif
2005.10.27 23:57 B C:\Siddur Audio\picts\float-top.gif --> sidduraudio.com /picts float-top.gif
2013.11.26 22:05 B C:\Siddur Audio\picts\about-1.jpg --> zim.us /picts about-1.jpg
2013.11.26 22:05 B C:\Siddur Audio\picts\about-2.jpg --> zim.us /picts about-2.jpg
2013.11.26 22:05 B C:\Siddur Audio\picts\about-3.jpg --> zim.us /picts about-3.jpg
2013.11.26 22:05 B C:\Siddur Audio\picts\background-left.gif --> zim.us /picts background-left.gif
2013.11.26 22:05 B C:\Siddur Audio\picts\bar.gif --> zim.us /picts bar.gif
2013.11.26 22:05 B C:\Siddur Audio\picts\contact-1.jpg --> zim.us /picts contact-1.jpg
2013.11.26 22:05 B C:\Siddur Audio\picts\contact-2.jpg --> zim.us /picts contact-2.jpg
2013.11.26 22:05 B C:\Siddur Audio\picts\float-contact.gif --> zim.us /picts float-contact.gif
2013.11.26 22:05 B C:\Siddur Audio\picts\float-home.gif --> zim.us /picts float-home.gif
2013.11.26 22:05 B C:\Siddur Audio\picts\float-top.gif --> zim.us /picts float-top.gif
2013.11.26 22:05 B C:\Siddur Audio\picts\home-1.jpg --> zim.us /picts home-1.jpg
2013.11.26 22:05 B C:\Siddur Audio\picts\home-2.jpg --> zim.us /picts home-2.jpg
2013.11.26 22:05 B C:\Siddur Audio\picts\home-3.jpg --> zim.us /picts home-3.jpg
2013.11.26 22:05 B C:\Siddur Audio\picts\icon.jpg --> zim.us /picts icon.jpg
2013.11.26 22:05 B C:\Siddur Audio\picts\icon1.jpg --> zim.us /picts icon1.jpg
2013.11.26 22:05 B C:\Siddur Audio\picts\logo.jpg --> zim.us /picts logo.jpg
2013.11.26 22:05 B C:\Siddur Audio\picts\new-1.jpg --> zim.us /picts new-1.jpg
2013.11.26 22:05 B C:\Siddur Audio\picts\new-2.jpg --> zim.us /picts new-2.jpg
2013.11.26 22:05 B C:\Siddur Audio\picts\new-3.jpg --> zim.us /picts new-3.jpg
2013.11.26 22:05 B C:\Siddur Audio\picts\product-1.jpg --> zim.us /picts product-1.jpg
2013.11.26 22:05 B C:\Siddur Audio\picts\product-2.jpg --> zim.us /picts product-2.jpg
2013.11.26 22:05 B C:\Siddur Audio\picts\product-3.jpg --> zim.us /picts product-3.jpg
2013.11.26 22:05 B C:\Siddur Audio\picts\product-4.jpg --> zim.us /picts product-4.jpg
2013.11.26 22:05 B C:\Siddur Audio\picts\spacer.gif --> zim.us /picts spacer.gif
2013.11.26 22:05 B C:\Siddur Audio\picts\testimonials-1.jpg --> zim.us /picts testimonials-1.jpg
2013.11.26 22:05 B C:\Siddur Audio\picts\testimonials-2.jpg --> zim.us /picts testimonials-2.jpg
2013.11.26 22:05 B C:\Siddur Audio\picts\Thumbs.db --> zim.us /picts Thumbs.db
2013.11.26 22:05 B C:\Siddur Audio\picts\WS_FTP.LOG --> zim.us /picts WS_FTP.LOG
