2005.02.06 19:43 B C:\Siddur Audio\Audio\alenu.mp3 --> sidduraudio.com /Audio alenu.mp3
2005.02.06 19:48 B C:\Siddur Audio\Audio\Amidah1.mp3 --> sidduraudio.com /Audio Amidah1.mp3
2005.02.06 19:52 B C:\Siddur Audio\Audio\Amidah1.mp3 --> sidduraudio.com /Audio Amidah1.mp3
2005.02.06 19:57 B C:\Siddur Audio\Audio\Amidah2.mp3 --> sidduraudio.com /Audio Amidah2.mp3
2005.02.06 19:59 B C:\Siddur Audio\Audio\Ashrei.mp3 --> sidduraudio.com /Audio Ashrei.mp3
2005.02.06 20:01 B C:\Siddur Audio\Audio\Birkat-kitzur.mp3 --> sidduraudio.com /Audio Birkat-kitzur.mp3
2005.02.06 21:05 B C:\Siddur Audio\Audio\Birkat-kitzur.mp3 --> sidduraudio.com /Audio Birkat-kitzur.mp3
2005.02.06 21:07 B C:\Siddur Audio\Audio\BirkatHamazon.mp3 --> sidduraudio.com /Audio BirkatHamazon.mp3
2005.02.06 21:14 B C:\Siddur Audio\Audio\BirkatHamazon.mp3 --> sidduraudio.com /Audio BirkatHamazon.mp3
2005.02.06 21:17 B C:\Siddur Audio\Audio\Carlebach-16.mp3 --> sidduraudio.com /Audio Carlebach-16.mp3
2005.02.06 21:19 B C:\Siddur Audio\Audio\Carlebach-18.mp3 --> sidduraudio.com /Audio Carlebach-18.mp3
2005.02.06 21:20 B C:\Siddur Audio\Audio\Carlebach-LechaDodi.mp3 --> sidduraudio.com /Audio Carlebach-LechaDodi.mp3
2005.02.06 21:22 B C:\Siddur Audio\Audio\EynKelohenu1.mp3 --> sidduraudio.com /Audio EynKelohenu1.mp3
2005.02.06 21:24 B C:\Siddur Audio\Audio\EynKelohenu2.mp3 --> sidduraudio.com /Audio EynKelohenu2.mp3
2005.02.06 21:26 B C:\Siddur Audio\Audio\Havdalah.mp3 --> sidduraudio.com /Audio Havdalah.mp3
2005.02.06 21:28 B C:\Siddur Audio\Audio\kaddish-shalem.mp3 --> sidduraudio.com /Audio kaddish-shalem.mp3
2005.02.06 21:29 B C:\Siddur Audio\Audio\kiddush.mp3 --> sidduraudio.com /Audio kiddush.mp3
2005.02.06 21:32 B C:\Siddur Audio\Audio\LchuNeranena1.mp3 --> sidduraudio.com /Audio LchuNeranena1.mp3
2005.02.06 21:34 B C:\Siddur Audio\Audio\lechadodi-1.mp3 --> sidduraudio.com /Audio lechadodi-1.mp3
2005.02.06 21:36 B C:\Siddur Audio\Audio\lechadodi-2.mp3 --> sidduraudio.com /Audio lechadodi-2.mp3
2005.02.06 21:39 B C:\Siddur Audio\Audio\maariv28-33.mp3 --> sidduraudio.com /Audio maariv28-33.mp3
2005.02.06 21:41 B C:\Siddur Audio\Audio\mizmor-ledavid.mp3 --> sidduraudio.com /Audio mizmor-ledavid.mp3
2005.02.06 21:43 B C:\Siddur Audio\Audio\Musaf-Kaddish-Shalem.mp3 --> sidduraudio.com /Audio Musaf-Kaddish-Shalem.mp3
2005.02.06 21:52 B C:\Siddur Audio\Audio\Musaf-Repetition.mp3 --> sidduraudio.com /Audio Musaf-Repetition.mp3
2005.02.06 21:58 B C:\Siddur Audio\Audio\Musaf.mp3 --> sidduraudio.com /Audio Musaf.mp3
2005.02.06 22:00 B C:\Siddur Audio\Audio\page23-24.mp3 --> sidduraudio.com /Audio page23-24.mp3
2005.02.06 22:02 B C:\Siddur Audio\Audio\psalms96-99.mp3 --> sidduraudio.com /Audio psalms96-99.mp3
2005.02.06 22:07 B C:\Siddur Audio\Audio\Shachrit1.mp3 --> sidduraudio.com /Audio Shachrit1.mp3
2005.02.06 22:16 B C:\Siddur Audio\Audio\Shachrit2.mp3 --> sidduraudio.com /Audio Shachrit2.mp3
2005.02.06 22:26 B C:\Siddur Audio\Audio\Shachrit2.mp3 --> sidduraudio.com /Audio Shachrit2.mp3
2005.02.06 22:27 B C:\Siddur Audio\Audio\ShalomAleichem.mp3 --> sidduraudio.com /Audio ShalomAleichem.mp3
2005.02.06 22:28 B C:\Siddur Audio\Audio\ShalomAleichem2.mp3 --> sidduraudio.com /Audio ShalomAleichem2.mp3
2005.02.06 22:30 B C:\Siddur Audio\Audio\ShirHamalot.mp3 --> sidduraudio.com /Audio ShirHamalot.mp3
2005.02.06 22:31 B C:\Siddur Audio\Audio\ShirHamalot2.mp3 --> sidduraudio.com /Audio ShirHamalot2.mp3
2005.02.06 22:32 B C:\Siddur Audio\Audio\Torah-Aliyah.mp3 --> sidduraudio.com /Audio Torah-Aliyah.mp3
2005.02.06 22:34 B C:\Siddur Audio\Audio\Torah-Return.mp3 --> sidduraudio.com /Audio Torah-Return.mp3
2005.02.06 22:38 B C:\Siddur Audio\Audio\Torah-svc.mp3 --> sidduraudio.com /Audio Torah-svc.mp3
2005.02.06 22:40 B C:\Siddur Audio\Audio\vaychulu-magen.mp3 --> sidduraudio.com /Audio vaychulu-magen.mp3
2005.02.06 22:42 B C:\Siddur Audio\Audio\veshamru.mp3 --> sidduraudio.com /Audio veshamru.mp3
2005.02.06 22:45 B C:\Siddur Audio\Audio\YedidNefesh.mp3 --> sidduraudio.com /Audio YedidNefesh.mp3
2005.02.06 22:48 B C:\Siddur Audio\Audio\yigdal1.mp3 --> sidduraudio.com /Audio yigdal1.mp3
2005.02.06 22:49 B C:\Siddur Audio\Audio\yigdal2.mp3 --> sidduraudio.com /Audio yigdal2.mp3
2005.02.06 22:55 B C:\Siddur Audio\Audio\Shachrit2.mp3 --> sidduraudio.com /Audio Shachrit2.mp3
2005.02.06 23:07 B C:\Siddur Audio\Audio\Shachrit2.mp3 --> sidduraudio.com /Audio Shachrit2.mp3
2005.02.13 20:35 B C:\Siddur Audio\Audio\AdonOlam2.mp3 --> sidduraudio.com /Audio AdonOlam2.mp3
2005.02.13 20:37 B C:\Siddur Audio\Audio\DrorYikra1.mp3 --> sidduraudio.com /Audio DrorYikra1.mp3
2005.02.13 20:39 B C:\Siddur Audio\Audio\DrorYikra2.mp3 --> sidduraudio.com /Audio DrorYikra2.mp3
2005.02.13 20:40 B C:\Siddur Audio\Audio\Harachaman.mp3 --> sidduraudio.com /Audio Harachaman.mp3
2005.02.13 20:42 B C:\Siddur Audio\Audio\Ki-Lekah.mp3 --> sidduraudio.com /Audio Ki-Lekah.mp3
2005.02.13 20:45 B C:\Siddur Audio\Audio\MaYedidut.mp3 --> sidduraudio.com /Audio MaYedidut.mp3
2005.02.13 20:47 B C:\Siddur Audio\Audio\Mipi-El.mp3 --> sidduraudio.com /Audio Mipi-El.mp3
2005.02.13 20:49 B C:\Siddur Audio\Audio\TzurMishelo.mp3 --> sidduraudio.com /Audio TzurMishelo.mp3
2005.02.13 20:53 B C:\Siddur Audio\Audio\YomShabaton.mp3 --> sidduraudio.com /Audio YomShabaton.mp3
2005.02.13 20:54 B C:\Siddur Audio\Audio\YomZeh1.mp3 --> sidduraudio.com /Audio YomZeh1.mp3
2005.02.13 20:56 B C:\Siddur Audio\Audio\YomZeh2.mp3 --> sidduraudio.com /Audio YomZeh2.mp3
2005.02.16 17:00 B C:\Siddur Audio\Audio\Ki-Lekah.mp3 --> sidduraudio.com /Audio Ki-Lekah.mp3
2005.04.22 09:04 B C:\Siddur Audio\Audio\ShabbatDay-Kiddush.mp3 <-- Siddur Audio /Audio ShabbatDay-Kiddush.mp3
2005.04.22 09:05 B C:\Siddur Audio\Audio\Haftorah1.mp3 <-- Siddur Audio /Audio Haftorah1.mp3
2005.04.22 09:05 B C:\Siddur Audio\Audio\Haftorah2.mp3 <-- Siddur Audio /Audio Haftorah2.mp3
2005.09.17 18:25 B C:\Siddur Audio\Audio\wimpy.php --> sidduraudio.com /Audio wimpy.php
2005.09.17 18:25 B C:\Siddur Audio\Audio\wimpy.swf --> sidduraudio.com /Audio wimpy.swf
2005.09.17 18:26 B C:\Siddur Audio\Audio\DEMO restriction.txt --> sidduraudio.com /Audio DEMO restriction.txt
2005.09.17 18:26 B C:\Siddur Audio\Audio\coverart.jpg --> sidduraudio.com /Audio coverart.jpg
2005.09.17 18:32 B C:\Siddur Audio\Audio\coverart.jpg --> sidduraudio.com /Audio coverart.jpg
2005.09.17 18:32 B C:\Siddur Audio\Audio\example.mp3 --> sidduraudio.com /Audio example.mp3
2005.09.17 18:32 B C:\Siddur Audio\Audio\readme.html --> sidduraudio.com /Audio readme.html
2005.09.17 18:56 B C:\Siddur Audio\Audio\coverart.jpg --> sidduraudio.com /mp3s coverart.jpg
2005.09.17 18:56 B C:\Siddur Audio\Audio\DEMO restriction.txt --> sidduraudio.com /mp3s DEMO restriction.txt
2005.09.17 18:56 B C:\Siddur Audio\Audio\example.mp3 --> sidduraudio.com /mp3s example.mp3
2005.09.17 18:56 B C:\Siddur Audio\Audio\wimpy.php --> sidduraudio.com /mp3s wimpy.php
2005.09.17 18:56 B C:\Siddur Audio\Audio\wimpy.swf --> sidduraudio.com /mp3s wimpy.swf
2005.10.17 18:14 B C:\Siddur Audio\Audio\weekday-maariv.mp3 --> sidduraudio.com /Audio weekday-maariv.mp3
2005.10.17 18:18 B C:\Siddur Audio\Audio\weekday-mincha.mp3 --> sidduraudio.com /Audio weekday-mincha.mp3
2005.11.29 23:43 B C:\Siddur Audio\Audio\lechadodi-3.mp3 --> sidduraudio.com /Audio lechadodi-3.mp3
2005.11.29 23:45 B C:\Siddur Audio\Audio\mizmor-ledavid2.mp3 --> sidduraudio.com /Audio mizmor-ledavid2.mp3
2005.11.29 23:46 B C:\Siddur Audio\Audio\Yekum-Purkan.mp3 --> sidduraudio.com /Audio Yekum-Purkan.mp3
2005.12.04 13:58 B C:\Siddur Audio\Audio\Carlebach-20.mp3 <-- Siddur Audio /Audio Carlebach-20.mp3
2005.12.04 13:59 B C:\Siddur Audio\Audio\lechadodi-1.mp3 <-- Siddur Audio /Audio lechadodi-1.mp3
2005.12.04 13:59 B C:\Siddur Audio\Audio\lechadodi-3.mp3 <-- Siddur Audio /Audio lechadodi-3.mp3
2005.12.12 18:00 B C:\Siddur Audio\Audio\Hannukah.mp3 <-- Siddur Audio /Audio Hannukah.mp3
2006.01.20 22:23 B C:\Siddur Audio\Audio\EishetHayil.mp3 <-- Siddur Audio /Audio EishetHayil.mp3
2006.01.20 22:24 B C:\Siddur Audio\Audio\ShabbatKiddush-Home.mp3 <-- Siddur Audio /Audio ShabbatKiddush-Home.mp3
2006.01.22 16:47 B C:\Siddur Audio\Audio\EishetHayil.mp3 <-- Siddur Audio /Audio EishetHayil.mp3
2006.01.22 16:47 B C:\Siddur Audio\Audio\Eloheynu.mp3 <-- Siddur Audio /Audio Eloheynu.mp3
2006.02.16 22:51 B C:\Siddur Audio\Audio\ShabbatMincha-1.mp3 <-- Siddur Audio /Audio ShabbatMincha-1.mp3
2006.02.16 22:51 B C:\Siddur Audio\Audio\ShabbatMincha-2.mp3 <-- Siddur Audio /Audio ShabbatMincha-2.mp3
2006.03.19 14:22 B C:\Siddur Audio\Audio\Havdalah-Friedman.mp3 <-- Siddur Audio /Audio Havdalah-Friedman.mp3
2006.04.21 16:55 B C:\Siddur Audio\Audio\LchuNeranena-1.mp3 <-- Siddur Audio /Audio LchuNeranena-1.mp3
2006.04.21 16:55 B C:\Siddur Audio\Audio\LchuNeranena-2.mp3 <-- Siddur Audio /Audio LchuNeranena-2.mp3
2006.04.24 21:22 B C:\Siddur Audio\Audio\LchuNeranena-1.mp3 --> bshalom.net /Audio LchuNeranena-1.mp3
2006.04.24 21:23 B C:\Siddur Audio\Audio\LchuNeranena-2.mp3 --> bshalom.net /Audio LchuNeranena-2.mp3
2006.10.17 13:10 B C:\Siddur Audio\Audio\ShalomAleichem.mp3 <-- Siddur Audio /Audio ShalomAleichem.mp3
2007.02.12 23:28 B C:\Siddur Audio\Audio\weekday-shachrit1.mp3 --> sidduraudio.com /Audio weekday-shachrit1.mp3
2007.02.12 23:35 B C:\Siddur Audio\Audio\weekday-shachrit2.mp3 --> sidduraudio.com /Audio weekday-shachrit2.mp3
2007.02.12 23:38 B C:\Siddur Audio\Audio\weekday-shachrit3.mp3 --> sidduraudio.com /Audio weekday-shachrit3.mp3
2007.02.13 22:20 B C:\Siddur Audio\Audio\pesikey1.mp3 --> sidduraudio.com /Audio pesikey1.mp3
2007.02.13 22:24 B C:\Siddur Audio\Audio\pesikey2.mp3 --> sidduraudio.com /Audio pesikey2.mp3
2007.02.14 16:39 B C:\Siddur Audio\Audio\ShalomAleichem.mp3 --> sidduraudio.com /Audio ShalomAleichem.mp3
2007.02.14 16:40 B C:\Siddur Audio\Audio\LchuNeranena-2.mp3 --> sidduraudio.com /Audio LchuNeranena-2.mp3
2007.02.14 16:45 B C:\Siddur Audio\Audio\weekday-shachrit3.mp3 --> sidduraudio.com /Audio weekday-shachrit3.mp3
2007.02.15 09:24 B C:\Siddur Audio\Audio\weekday-shachrit3.mp3 --> sidduraudio.com /Audio weekday-shachrit3.mp3
2007.02.15 09:26 B C:\Siddur Audio\Audio\weekday-shachrit4.mp3 --> sidduraudio.com /Audio weekday-shachrit4.mp3
2007.02.16 16:42 B C:\Siddur Audio\Audio\weekday-shachrit3.mp3 <-- Siddur Audio /Audio weekday-shachrit3.mp3
2007.02.16 16:49 B C:\Siddur Audio\Audio\weekday-shachrit4.mp3 <-- Siddur Audio /Audio weekday-shachrit4.mp3
2007.02.18 12:08 B C:\Siddur Audio\Audio\Musaf.mp3 --> sidduraudio.com /Audio Musaf.mp3
2007.03.25 13:24 B C:\Siddur Audio\Audio\maariv28-33.mp3 <-- Siddur Audio /Audio maariv28-33.mp3
2007.03.25 13:32 B C:\Siddur Audio\Audio\maariv28-33.mp3 --> sidduraudio.com /Audio maariv28-33.mp3
2007.05.11 10:00 B C:\Siddur Audio\Audio\ShalomAleichem.mp3 --> sidduraudio.com /Audio ShalomAleichem.mp3
2008.04.22 22:05 B C:\Siddur Audio\Audio\pesikey1.mp3 --> sidduraudio.com /Audio pesikey1.mp3
2009.08.05 10:14 B C:\Siddur Audio\Audio\.htaccess <-- Siddur Audio /Audio .htaccess
2013.11.26 21:36 B C:\Siddur Audio\Audio\.htaccess --> zim.us /Audio .htaccess
2013.11.26 21:36 B C:\Siddur Audio\Audio\AdonOlam.mp3 --> zim.us /Audio AdonOlam.mp3
2013.11.26 21:36 B C:\Siddur Audio\Audio\AdonOlam2.mp3 --> zim.us /Audio AdonOlam2.mp3
2013.11.26 21:36 B C:\Siddur Audio\Audio\alenu.mp3 --> zim.us /Audio alenu.mp3
2013.11.26 21:37 B C:\Siddur Audio\Audio\Amidah1.mp3 --> zim.us /Audio Amidah1.mp3
2013.11.26 21:37 B C:\Siddur Audio\Audio\Amidah2.mp3 --> zim.us /Audio Amidah2.mp3
2013.11.26 21:38 B C:\Siddur Audio\Audio\AnimZmirot.mp3 --> zim.us /Audio AnimZmirot.mp3
2013.11.26 21:38 B C:\Siddur Audio\Audio\Ashrei.mp3 --> zim.us /Audio Ashrei.mp3
2013.11.26 21:38 B C:\Siddur Audio\Audio\Birkat-kitzur.mp3 --> zim.us /Audio Birkat-kitzur.mp3
2013.11.26 21:38 B C:\Siddur Audio\Audio\BirkatHamazon.mp3 --> zim.us /Audio BirkatHamazon.mp3
2013.11.26 21:39 B C:\Siddur Audio\Audio\Carlebach-16.mp3 --> zim.us /Audio Carlebach-16.mp3
2013.11.26 21:39 B C:\Siddur Audio\Audio\Carlebach-18.mp3 --> zim.us /Audio Carlebach-18.mp3
2013.11.26 21:39 B C:\Siddur Audio\Audio\Carlebach-20.mp3 --> zim.us /Audio Carlebach-20.mp3
2013.11.26 21:39 B C:\Siddur Audio\Audio\Carlebach-LechaDodi.mp3 --> zim.us /Audio Carlebach-LechaDodi.mp3
2013.11.26 21:39 B C:\Siddur Audio\Audio\DrorYikra1.mp3 --> zim.us /Audio DrorYikra1.mp3
2013.11.26 21:40 B C:\Siddur Audio\Audio\DrorYikra2.mp3 --> zim.us /Audio DrorYikra2.mp3
2013.11.26 21:40 B C:\Siddur Audio\Audio\EishetHayil.mp3 --> zim.us /Audio EishetHayil.mp3
2013.11.26 21:40 B C:\Siddur Audio\Audio\Eloheynu.mp3 --> zim.us /Audio Eloheynu.mp3
2013.11.26 21:40 B C:\Siddur Audio\Audio\EynKelohenu1.mp3 --> zim.us /Audio EynKelohenu1.mp3
2013.11.26 21:40 B C:\Siddur Audio\Audio\EynKelohenu2.mp3 --> zim.us /Audio EynKelohenu2.mp3
2013.11.26 21:40 B C:\Siddur Audio\Audio\Haftorah1.mp3 --> zim.us /Audio Haftorah1.mp3
2013.11.26 21:41 B C:\Siddur Audio\Audio\Haftorah2.mp3 --> zim.us /Audio Haftorah2.mp3
2013.11.26 21:41 B C:\Siddur Audio\Audio\Hallel.mp3 --> zim.us /Audio Hallel.mp3
2013.11.26 21:41 B C:\Siddur Audio\Audio\Hannukah.mp3 --> zim.us /Audio Hannukah.mp3
2013.11.26 21:42 B C:\Siddur Audio\Audio\Harachaman.mp3 --> zim.us /Audio Harachaman.mp3
2013.11.26 21:42 B C:\Siddur Audio\Audio\hatzi-kaddish.mp3 --> zim.us /Audio hatzi-kaddish.mp3
2013.11.26 21:42 B C:\Siddur Audio\Audio\Havdalah-Friedman.mp3 --> zim.us /Audio Havdalah-Friedman.mp3
2013.11.26 21:42 B C:\Siddur Audio\Audio\Havdalah.mp3 --> zim.us /Audio Havdalah.mp3
2013.11.26 21:42 B C:\Siddur Audio\Audio\index.htm --> zim.us /Audio index.htm
2013.11.26 21:42 B C:\Siddur Audio\Audio\kaddish-shalem.mp3 --> zim.us /Audio kaddish-shalem.mp3
2013.11.26 21:43 B C:\Siddur Audio\Audio\Ki-Lekah.mp3 --> zim.us /Audio Ki-Lekah.mp3
2013.11.26 21:43 B C:\Siddur Audio\Audio\kiddush.mp3 --> zim.us /Audio kiddush.mp3
2013.11.26 21:43 B C:\Siddur Audio\Audio\LchuNeranena-1.mp3 --> zim.us /Audio LchuNeranena-1.mp3
2013.11.26 21:43 B C:\Siddur Audio\Audio\LchuNeranena-2.mp3 --> zim.us /Audio LchuNeranena-2.mp3
2013.11.26 21:43 B C:\Siddur Audio\Audio\lechadodi-1.mp3 --> zim.us /Audio lechadodi-1.mp3
2013.11.26 21:43 B C:\Siddur Audio\Audio\lechadodi-2.mp3 --> zim.us /Audio lechadodi-2.mp3
2013.11.26 21:44 B C:\Siddur Audio\Audio\lechadodi-3.mp3 --> zim.us /Audio lechadodi-3.mp3
2013.11.26 21:44 B C:\Siddur Audio\Audio\maariv28-33.mp3 --> zim.us /Audio maariv28-33.mp3
2013.11.26 21:45 B C:\Siddur Audio\Audio\MaYedidut.mp3 --> zim.us /Audio MaYedidut.mp3
2013.11.26 21:45 B C:\Siddur Audio\Audio\Mipi-El.mp3 --> zim.us /Audio Mipi-El.mp3
2013.11.26 21:45 B C:\Siddur Audio\Audio\mizmor-ledavid.mp3 --> zim.us /Audio mizmor-ledavid.mp3
2013.11.26 21:45 B C:\Siddur Audio\Audio\mizmor-ledavid2.mp3 --> zim.us /Audio mizmor-ledavid2.mp3
2013.11.26 21:45 B C:\Siddur Audio\Audio\Musaf-Kaddish-Shalem.mp3 --> zim.us /Audio Musaf-Kaddish-Shalem.mp3
2013.11.26 21:45 B C:\Siddur Audio\Audio\musaf-kaddish.mp3 --> zim.us /Audio musaf-kaddish.mp3
2013.11.26 21:46 B C:\Siddur Audio\Audio\Musaf-Repetition.mp3 --> zim.us /Audio Musaf-Repetition.mp3
2013.11.26 21:47 B C:\Siddur Audio\Audio\Musaf.mp3 --> zim.us /Audio Musaf.mp3
2013.11.26 21:47 B C:\Siddur Audio\Audio\nohotlink.jpe --> zim.us /Audio nohotlink.jpe
2013.11.26 21:47 B C:\Siddur Audio\Audio\page23-24.mp3 --> zim.us /Audio page23-24.mp3
2013.11.26 21:47 B C:\Siddur Audio\Audio\pesikey1.mp3 --> zim.us /Audio pesikey1.mp3
2013.11.26 21:48 B C:\Siddur Audio\Audio\pesikey2.mp3 --> zim.us /Audio pesikey2.mp3
2013.11.26 21:48 B C:\Siddur Audio\Audio\psalms96-99.mp3 --> zim.us /Audio psalms96-99.mp3
2013.11.26 21:48 B C:\Siddur Audio\Audio\ShabbatDay-Kiddush.mp3 --> zim.us /Audio ShabbatDay-Kiddush.mp3
2013.11.26 21:48 B C:\Siddur Audio\Audio\ShabbatKiddush-Home.mp3 --> zim.us /Audio ShabbatKiddush-Home.mp3
2013.11.26 21:49 B C:\Siddur Audio\Audio\ShabbatMincha-1.mp3 --> zim.us /Audio ShabbatMincha-1.mp3
2013.11.26 21:49 B C:\Siddur Audio\Audio\ShabbatMincha-2.mp3 --> zim.us /Audio ShabbatMincha-2.mp3
2013.11.26 21:50 B C:\Siddur Audio\Audio\Shachrit1.mp3 --> zim.us /Audio Shachrit1.mp3
2013.11.26 21:50 B C:\Siddur Audio\Audio\Shachrit2.mp3 --> zim.us /Audio Shachrit2.mp3
2013.11.26 21:50 B C:\Siddur Audio\Audio\ShalomAleichem.mp3 --> zim.us /Audio ShalomAleichem.mp3
2013.11.26 21:50 B C:\Siddur Audio\Audio\ShalomAleichem2.mp3 --> zim.us /Audio ShalomAleichem2.mp3
2013.11.26 21:51 B C:\Siddur Audio\Audio\Shema.mp3 --> zim.us /Audio Shema.mp3
2013.11.26 21:51 B C:\Siddur Audio\Audio\ShirHamalot.mp3 --> zim.us /Audio ShirHamalot.mp3
2013.11.26 21:51 B C:\Siddur Audio\Audio\ShirHamalot2.mp3 --> zim.us /Audio ShirHamalot2.mp3
2013.11.26 21:51 B C:\Siddur Audio\Audio\Torah-Aliyah.mp3 --> zim.us /Audio Torah-Aliyah.mp3
2013.11.26 21:51 B C:\Siddur Audio\Audio\Torah-Return.mp3 --> zim.us /Audio Torah-Return.mp3
2013.11.26 21:52 B C:\Siddur Audio\Audio\Torah-svc.mp3 --> zim.us /Audio Torah-svc.mp3
2013.11.26 21:52 B C:\Siddur Audio\Audio\Torah-svc.wpk --> zim.us /Audio Torah-svc.wpk
2013.11.26 21:52 B C:\Siddur Audio\Audio\TzurMishelo.mp3 --> zim.us /Audio TzurMishelo.mp3
2013.11.26 21:52 B C:\Siddur Audio\Audio\vaychulu-magen.mp3 --> zim.us /Audio vaychulu-magen.mp3
2013.11.26 21:53 B C:\Siddur Audio\Audio\veshamru.mp3 --> zim.us /Audio veshamru.mp3
2013.11.26 21:53 B C:\Siddur Audio\Audio\weekday-maariv.mp3 --> zim.us /Audio weekday-maariv.mp3
2013.11.26 21:54 B C:\Siddur Audio\Audio\weekday-mincha.mp3 --> zim.us /Audio weekday-mincha.mp3
2013.11.26 21:54 B C:\Siddur Audio\Audio\weekday-shachrit1.mp3 --> zim.us /Audio weekday-shachrit1.mp3
2013.11.26 21:56 B C:\Siddur Audio\Audio\weekday-shachrit2.mp3 --> zim.us /Audio weekday-shachrit2.mp3
2013.11.26 21:58 B C:\Siddur Audio\Audio\weekday-shachrit3.mp3 --> zim.us /Audio weekday-shachrit3.mp3
2013.11.26 21:58 B C:\Siddur Audio\Audio\weekday-shachrit4.mp3 --> zim.us /Audio weekday-shachrit4.mp3
2013.11.26 21:58 B C:\Siddur Audio\Audio\WS_FTP.LOG --> zim.us /Audio WS_FTP.LOG
2013.11.26 21:58 B C:\Siddur Audio\Audio\YedidNefesh.mp3 --> zim.us /Audio YedidNefesh.mp3
2013.11.26 21:58 B C:\Siddur Audio\Audio\Yekum-Purkan.mp3 --> zim.us /Audio Yekum-Purkan.mp3
2013.11.26 21:58 B C:\Siddur Audio\Audio\yigdal1.mp3 --> zim.us /Audio yigdal1.mp3
2013.11.26 21:59 B C:\Siddur Audio\Audio\yigdal2.mp3 --> zim.us /Audio yigdal2.mp3
2013.11.26 21:59 B C:\Siddur Audio\Audio\YomShabaton.mp3 --> zim.us /Audio YomShabaton.mp3
2013.11.26 21:59 B C:\Siddur Audio\Audio\YomZeh1.mp3 --> zim.us /Audio YomZeh1.mp3
2013.11.26 21:59 B C:\Siddur Audio\Audio\YomZeh2.mp3 --> zim.us /Audio YomZeh2.mp3
2013.11.26 22:00 B C:\Siddur Audio\Audio\adir-hu.mp3 <-- Siddur Audio - New /Audio/Pesach adir-hu.mp3
2016.08.26 21:57 B C:\Siddur Audio\Audio\.htaccess <-- Siddur Audio - New /Audio .htaccess
