2006.03.16 22:46 B C:\Siddur Audio\Audio\Pesach\avadim-hayinu.mp3 <-- Siddur Audio /Audio/Pesach avadim-hayinu.mp3
2006.03.16 22:46 B C:\Siddur Audio\Audio\Pesach\birkat-seder.mp3 <-- Siddur Audio /Audio/Pesach birkat-seder.mp3
2006.03.16 22:47 B C:\Siddur Audio\Audio\Pesach\dayenu.mp3 <-- Siddur Audio /Audio/Pesach dayenu.mp3
2006.03.16 22:47 B C:\Siddur Audio\Audio\Pesach\Eliyahu.mp3 <-- Siddur Audio /Audio/Pesach Eliyahu.mp3
2006.03.16 22:47 B C:\Siddur Audio\Audio\Pesach\fourth-cup.mp3 <-- Siddur Audio /Audio/Pesach fourth-cup.mp3
2006.03.16 22:47 B C:\Siddur Audio\Audio\Pesach\halachma.mp3 <-- Siddur Audio /Audio/Pesach halachma.mp3
2006.03.16 22:47 B C:\Siddur Audio\Audio\Pesach\hallel-hagadol.mp3 <-- Siddur Audio /Audio/Pesach hallel-hagadol.mp3
2006.03.16 22:47 B C:\Siddur Audio\Audio\Pesach\hallel-part1.mp3 <-- Siddur Audio /Audio/Pesach hallel-part1.mp3
2006.03.16 22:48 B C:\Siddur Audio\Audio\Pesach\hallel-part2.mp3 <-- Siddur Audio /Audio/Pesach hallel-part2.mp3
2006.03.16 22:48 B C:\Siddur Audio\Audio\Pesach\kadesh-urhatz.mp3 <-- Siddur Audio /Audio/Pesach kadesh-urhatz.mp3
2006.03.16 22:48 B C:\Siddur Audio\Audio\Pesach\ma-nishtana.mp3 <-- Siddur Audio /Audio/Pesach ma-nishtana.mp3
2006.03.16 22:48 B C:\Siddur Audio\Audio\Pesach\nirtzah.mp3 <-- Siddur Audio /Audio/Pesach nirtzah.mp3
2006.03.16 22:49 B C:\Siddur Audio\Audio\Pesach\pesach-kiddush.mp3 <-- Siddur Audio /Audio/Pesach pesach-kiddush.mp3
2006.03.16 22:49 B C:\Siddur Audio\Audio\Pesach\second-cup.mp3 <-- Siddur Audio /Audio/Pesach second-cup.mp3
2006.03.16 22:49 B C:\Siddur Audio\Audio\Pesach\ShirHamalot.mp3 <-- Siddur Audio /Audio/Pesach ShirHamalot.mp3
2006.03.16 22:49 B C:\Siddur Audio\Audio\Pesach\vhi-she-amda.mp3 <-- Siddur Audio /Audio/Pesach vhi-she-amda.mp3
2006.03.21 21:29 B C:\Siddur Audio\Audio\Pesach\adir-hu.mp3 <-- Siddur Audio /Audio/Pesach adir-hu.mp3
2006.03.21 21:30 B C:\Siddur Audio\Audio\Pesach\echad-mi-yodea.mp3 <-- Siddur Audio /Audio/Pesach echad-mi-yodea.mp3
2006.03.21 21:30 B C:\Siddur Audio\Audio\Pesach\ki-lo-naeh.mp3 <-- Siddur Audio /Audio/Pesach ki-lo-naeh.mp3
2006.03.27 19:20 B C:\Siddur Audio\Audio\Pesach\chad-gadya.mp3 <-- Siddur Audio /Audio/Pesach chad-gadya.mp3
2013.11.26 21:32 B C:\Siddur Audio\Audio\Pesach\adir-hu.mp3 --> zim.us /Audio/Pesach adir-hu.mp3
2013.11.26 21:32 B C:\Siddur Audio\Audio\Pesach\avadim-hayinu.mp3 --> zim.us /Audio/Pesach avadim-hayinu.mp3
2013.11.26 21:33 B C:\Siddur Audio\Audio\Pesach\birkat-seder.mp3 --> zim.us /Audio/Pesach birkat-seder.mp3
2013.11.26 21:33 B C:\Siddur Audio\Audio\Pesach\chad-gadya.mp3 --> zim.us /Audio/Pesach chad-gadya.mp3
2013.11.26 21:33 B C:\Siddur Audio\Audio\Pesach\dayenu.mp3 --> zim.us /Audio/Pesach dayenu.mp3
2013.11.26 21:33 B C:\Siddur Audio\Audio\Pesach\echad-mi-yodea.mp3 --> zim.us /Audio/Pesach echad-mi-yodea.mp3
2013.11.26 21:33 B C:\Siddur Audio\Audio\Pesach\Eliyahu.mp3 --> zim.us /Audio/Pesach Eliyahu.mp3
2013.11.26 21:33 B C:\Siddur Audio\Audio\Pesach\fourth-cup.mp3 --> zim.us /Audio/Pesach fourth-cup.mp3
2013.11.26 21:34 B C:\Siddur Audio\Audio\Pesach\halachma.mp3 --> zim.us /Audio/Pesach halachma.mp3
2013.11.26 21:34 B C:\Siddur Audio\Audio\Pesach\hallel-hagadol.mp3 --> zim.us /Audio/Pesach hallel-hagadol.mp3
2013.11.26 21:34 B C:\Siddur Audio\Audio\Pesach\hallel-part1.mp3 --> zim.us /Audio/Pesach hallel-part1.mp3
2013.11.26 21:35 B C:\Siddur Audio\Audio\Pesach\hallel-part2.mp3 --> zim.us /Audio/Pesach hallel-part2.mp3
2013.11.26 21:35 B C:\Siddur Audio\Audio\Pesach\kadesh-urhatz.mp3 --> zim.us /Audio/Pesach kadesh-urhatz.mp3
2013.11.26 21:35 B C:\Siddur Audio\Audio\Pesach\ki-lo-naeh.mp3 --> zim.us /Audio/Pesach ki-lo-naeh.mp3
2013.11.26 21:35 B C:\Siddur Audio\Audio\Pesach\ma-nishtana.mp3 --> zim.us /Audio/Pesach ma-nishtana.mp3
2013.11.26 21:35 B C:\Siddur Audio\Audio\Pesach\nirtzah.mp3 --> zim.us /Audio/Pesach nirtzah.mp3
2013.11.26 21:35 B C:\Siddur Audio\Audio\Pesach\pesach-kiddush.mp3 --> zim.us /Audio/Pesach pesach-kiddush.mp3
2013.11.26 21:35 B C:\Siddur Audio\Audio\Pesach\second-cup.mp3 --> zim.us /Audio/Pesach second-cup.mp3
2013.11.26 21:35 B C:\Siddur Audio\Audio\Pesach\ShirHamalot.mp3 --> zim.us /Audio/Pesach ShirHamalot.mp3
2013.11.26 21:36 B C:\Siddur Audio\Audio\Pesach\vhi-she-amda.mp3 --> zim.us /Audio/Pesach vhi-she-amda.mp3
2013.11.26 21:36 B C:\Siddur Audio\Audio\Pesach\WS_FTP.LOG --> zim.us /Audio/Pesach WS_FTP.LOG
