2005.12.07 17:56 B C:\Siddur Audio\Pages\p142.gif --> sidduraudio.com /Pages p142.gif
2005.12.07 18:45 B C:\Siddur Audio\Pages\p142.gif --> sidduraudio.com /Pages p142.gif
2005.12.12 22:38 B C:\Siddur Audio\Pages\p142.gif --> sidduraudio.com /Pages p142.gif
2005.12.12 22:41 B C:\Siddur Audio\Pages\p142.gif --> sidduraudio.com /Pages p142.gif
2005.12.12 22:48 B C:\Siddur Audio\Pages\p142.gif --> sidduraudio.com /Pages p142.gif
2005.12.12 22:51 B C:\Siddur Audio\Pages\p142.gif --> sidduraudio.com /Pages p142.gif
2005.12.12 22:59 B C:\Siddur Audio\Pages\p142.gif --> sidduraudio.com /Pages p142.gif
2005.12.12 23:00 B C:\Siddur Audio\Pages\p142.gif --> sidduraudio.com /Pages p142.gif
2005.12.12 23:02 B C:\Siddur Audio\Pages\p142.gif --> sidduraudio.com /Pages p142.gif
2005.12.12 23:23 B C:\Siddur Audio\Pages\p142.gif --> sidduraudio.com /Pages p142.gif
2005.12.12 23:29 B C:\Siddur Audio\Pages\p142.gif --> sidduraudio.com /Pages p142.gif
2005.12.14 23:59 B C:\Siddur Audio\pages\p142.gif --> sidduraudio.com /pages p142.gif
2005.12.18 23:28 B C:\Siddur Audio\pages\ashrei.gif --> sidduraudio.com /pages ashrei.gif
2005.12.18 23:28 B C:\Siddur Audio\pages\hannukah.gif --> sidduraudio.com /pages hannukah.gif
2005.12.18 23:28 B C:\Siddur Audio\pages\hatzi-kaddish.gif --> sidduraudio.com /pages hatzi-kaddish.gif
2005.12.18 23:28 B C:\Siddur Audio\pages\havdalah.gif --> sidduraudio.com /pages havdalah.gif
2005.12.18 23:29 B C:\Siddur Audio\pages\p146.gif --> sidduraudio.com /pages p146.gif
2005.12.18 23:29 B C:\Siddur Audio\pages\p147.gif --> sidduraudio.com /pages p147.gif
2005.12.18 23:29 B C:\Siddur Audio\pages\p21.gif --> sidduraudio.com /pages p21.gif
2005.12.18 23:29 B C:\Siddur Audio\pages\p22.gif --> sidduraudio.com /pages p22.gif
2005.12.19 14:54 B C:\Siddur Audio\pages\kaddish-shalem.gif --> sidduraudio.com /pages kaddish-shalem.gif
2005.12.19 14:54 B C:\Siddur Audio\pages\p139-141.gif --> sidduraudio.com /pages p139-141.gif
2005.12.19 14:54 B C:\Siddur Audio\pages\p153-154.gif --> sidduraudio.com /pages p153-154.gif
2005.12.20 00:10 B C:\Siddur Audio\pages\alenu.gif --> sidduraudio.com /pages alenu.gif
2005.12.20 00:10 B C:\Siddur Audio\pages\ashrei.gif --> sidduraudio.com /pages ashrei.gif
2005.12.20 00:10 B C:\Siddur Audio\pages\hannukah.gif --> sidduraudio.com /pages hannukah.gif
2005.12.20 00:10 B C:\Siddur Audio\pages\hatzi-kaddish.gif --> sidduraudio.com /pages hatzi-kaddish.gif
2005.12.20 00:11 B C:\Siddur Audio\pages\havdalah.gif --> sidduraudio.com /pages havdalah.gif
2005.12.20 00:11 B C:\Siddur Audio\pages\kaddish-shalem.gif --> sidduraudio.com /pages kaddish-shalem.gif
2005.12.20 00:11 B C:\Siddur Audio\pages\p13.gif --> sidduraudio.com /pages p13.gif
2005.12.20 00:11 B C:\Siddur Audio\pages\p139-141.gif --> sidduraudio.com /pages p139-141.gif
2005.12.20 00:11 B C:\Siddur Audio\pages\p14.gif --> sidduraudio.com /pages p14.gif
2005.12.20 00:11 B C:\Siddur Audio\pages\p142.gif --> sidduraudio.com /pages p142.gif
2005.12.20 00:11 B C:\Siddur Audio\pages\p146.gif --> sidduraudio.com /pages p146.gif
2005.12.20 00:11 B C:\Siddur Audio\pages\p147.gif --> sidduraudio.com /pages p147.gif
2005.12.20 00:11 B C:\Siddur Audio\pages\p153-154.gif --> sidduraudio.com /pages p153-154.gif
2005.12.20 00:11 B C:\Siddur Audio\pages\p16.gif --> sidduraudio.com /pages p16.gif
2005.12.20 00:11 B C:\Siddur Audio\pages\p18.gif --> sidduraudio.com /pages p18.gif
2005.12.20 00:11 B C:\Siddur Audio\pages\p182.gif --> sidduraudio.com /pages p182.gif
2005.12.20 00:11 B C:\Siddur Audio\pages\p187.gif --> sidduraudio.com /pages p187.gif
2005.12.20 00:11 B C:\Siddur Audio\pages\p20.gif --> sidduraudio.com /pages p20.gif
2005.12.20 00:11 B C:\Siddur Audio\pages\p21.gif --> sidduraudio.com /pages p21.gif
2005.12.20 00:12 B C:\Siddur Audio\pages\p22.gif --> sidduraudio.com /pages p22.gif
2005.12.20 00:12 B C:\Siddur Audio\pages\p34.gif --> sidduraudio.com /pages p34.gif
2005.12.20 00:12 B C:\Siddur Audio\pages\p47.gif --> sidduraudio.com /pages p47.gif
2005.12.20 00:12 B C:\Siddur Audio\pages\p49.gif --> sidduraudio.com /pages p49.gif
2005.12.20 00:12 B C:\Siddur Audio\pages\p53.gif --> sidduraudio.com /pages p53.gif
2005.12.20 00:12 B C:\Siddur Audio\pages\Thumbs.db --> sidduraudio.com /pages Thumbs.db
2005.12.20 00:12 B C:\Siddur Audio\pages\WS_FTP.LOG --> sidduraudio.com /pages WS_FTP.LOG
2005.12.20 21:14 B C:\Siddur Audio\pages\alenu.gif --> sidduraudio.com /pages alenu.gif
2005.12.20 21:14 B C:\Siddur Audio\pages\ashrei.gif --> sidduraudio.com /pages ashrei.gif
2005.12.20 21:14 B C:\Siddur Audio\pages\hannukah.gif --> sidduraudio.com /pages hannukah.gif
2005.12.20 21:14 B C:\Siddur Audio\pages\hatzi-kaddish.gif --> sidduraudio.com /pages hatzi-kaddish.gif
2005.12.20 21:14 B C:\Siddur Audio\pages\havdalah.gif --> sidduraudio.com /pages havdalah.gif
2005.12.20 21:14 B C:\Siddur Audio\pages\kaddish-shalem.gif --> sidduraudio.com /pages kaddish-shalem.gif
2005.12.20 21:14 B C:\Siddur Audio\pages\p13.gif --> sidduraudio.com /pages p13.gif
2005.12.20 21:14 B C:\Siddur Audio\pages\p139-141.gif --> sidduraudio.com /pages p139-141.gif
2005.12.20 21:14 B C:\Siddur Audio\pages\p14.gif --> sidduraudio.com /pages p14.gif
2005.12.20 21:15 B C:\Siddur Audio\pages\p142.gif --> sidduraudio.com /pages p142.gif
2005.12.20 21:15 B C:\Siddur Audio\pages\p146.gif --> sidduraudio.com /pages p146.gif
2005.12.20 21:15 B C:\Siddur Audio\pages\p147.gif --> sidduraudio.com /pages p147.gif
2005.12.20 21:16 B C:\Siddur Audio\pages\p148.gif --> sidduraudio.com /pages p148.gif
2005.12.20 21:16 B C:\Siddur Audio\pages\p15.gif --> sidduraudio.com /pages p15.gif
2005.12.20 21:16 B C:\Siddur Audio\pages\p153-154.gif --> sidduraudio.com /pages p153-154.gif
2005.12.20 21:16 B C:\Siddur Audio\pages\p16.gif --> sidduraudio.com /pages p16.gif
2005.12.20 21:16 B C:\Siddur Audio\pages\p18.gif --> sidduraudio.com /pages p18.gif
2005.12.20 21:16 B C:\Siddur Audio\pages\p182.gif --> sidduraudio.com /pages p182.gif
2005.12.20 21:16 B C:\Siddur Audio\pages\p185.gif --> sidduraudio.com /pages p185.gif
2005.12.20 21:16 B C:\Siddur Audio\pages\p186.gif --> sidduraudio.com /pages p186.gif
2005.12.20 21:16 B C:\Siddur Audio\pages\p187.gif --> sidduraudio.com /pages p187.gif
2005.12.20 21:16 B C:\Siddur Audio\pages\p20.gif --> sidduraudio.com /pages p20.gif
2005.12.20 21:16 B C:\Siddur Audio\pages\p21.gif --> sidduraudio.com /pages p21.gif
2005.12.20 21:16 B C:\Siddur Audio\pages\p22.gif --> sidduraudio.com /pages p22.gif
2005.12.20 21:17 B C:\Siddur Audio\pages\p23-24.gif --> sidduraudio.com /pages p23-24.gif
2005.12.20 21:17 B C:\Siddur Audio\pages\p34.gif --> sidduraudio.com /pages p34.gif
2005.12.20 21:17 B C:\Siddur Audio\pages\p47.gif --> sidduraudio.com /pages p47.gif
2005.12.20 21:17 B C:\Siddur Audio\pages\p49.gif --> sidduraudio.com /pages p49.gif
2005.12.20 21:17 B C:\Siddur Audio\pages\p53.gif --> sidduraudio.com /pages p53.gif
2005.12.20 21:17 B C:\Siddur Audio\pages\Thumbs.db --> sidduraudio.com /pages Thumbs.db
2005.12.20 21:17 B C:\Siddur Audio\pages\WS_FTP.LOG --> sidduraudio.com /pages WS_FTP.LOG
2005.12.20 22:24 B C:\Siddur Audio\pages\p186.gif --> sidduraudio.com /pages p186.gif
2005.12.25 14:04 B C:\Siddur Audio\pages\p28-33.gif --> sidduraudio.com /pages p28-33.gif
2006.01.11 15:51 B C:\Siddur Audio\pages\p17.gif --> sidduraudio.com /pages p17.gif
2006.01.11 15:51 B C:\Siddur Audio\pages\p19.gif --> sidduraudio.com /pages p19.gif
2006.01.11 15:51 B C:\Siddur Audio\pages\p48.gif --> sidduraudio.com /pages p48.gif
2006.01.20 23:59 B C:\Siddur Audio\pages\p310.gif --> sidduraudio.com /pages p310.gif
2006.01.20 23:59 B C:\Siddur Audio\pages\p312.gif --> sidduraudio.com /pages p312.gif
2006.03.19 14:22 B C:\Siddur Audio\pages\havdalah-brachot.gif --> sidduraudio.com /pages havdalah-brachot.gif
2011.11.25 20:06 B C:\Siddur Audio\pages\shema.gif --> sidduraudio.com /pages shema.gif
2011.12.04 16:47 B C:\Siddur Audio\pages\musaf.gif --> sidduraudio.com /pages musaf.gif
2011.12.06 09:54 B C:\Siddur Audio\pages\hannukah.gif --> sidduraudio.com / hannukah.gif
2011.12.06 09:55 B C:\Siddur Audio\pages\hannukah.gif --> sidduraudio.com /pages hannukah.gif
2013.11.26 22:04 B C:\Siddur Audio\pages\alenu.gif --> zim.us /pages alenu.gif
2013.11.26 22:04 B C:\Siddur Audio\pages\ashrei.gif --> zim.us /pages ashrei.gif
2013.11.26 22:04 B C:\Siddur Audio\pages\hannukah.gif --> zim.us /pages hannukah.gif
2013.11.26 22:04 B C:\Siddur Audio\pages\hatzi-kaddish.gif --> zim.us /pages hatzi-kaddish.gif
2013.11.26 22:04 B C:\Siddur Audio\pages\havdalah-brachot.gif --> zim.us /pages havdalah-brachot.gif
2013.11.26 22:04 B C:\Siddur Audio\pages\havdalah.gif --> zim.us /pages havdalah.gif
2013.11.26 22:04 B C:\Siddur Audio\pages\kaddish-shalem.gif --> zim.us /pages kaddish-shalem.gif
2013.11.26 22:04 B C:\Siddur Audio\pages\musaf.gif --> zim.us /pages musaf.gif
2013.11.26 22:04 B C:\Siddur Audio\pages\p13.gif --> zim.us /pages p13.gif
2013.11.26 22:04 B C:\Siddur Audio\pages\p139-141.gif --> zim.us /pages p139-141.gif
2013.11.26 22:04 B C:\Siddur Audio\pages\p14.gif --> zim.us /pages p14.gif
2013.11.26 22:04 B C:\Siddur Audio\pages\p142.gif --> zim.us /pages p142.gif
2013.11.26 22:04 B C:\Siddur Audio\pages\p146.gif --> zim.us /pages p146.gif
2013.11.26 22:04 B C:\Siddur Audio\pages\p147.gif --> zim.us /pages p147.gif
2013.11.26 22:04 B C:\Siddur Audio\pages\p148.gif --> zim.us /pages p148.gif
2013.11.26 22:04 B C:\Siddur Audio\pages\p15.gif --> zim.us /pages p15.gif
2013.11.26 22:04 B C:\Siddur Audio\pages\p153-154.gif --> zim.us /pages p153-154.gif
2013.11.26 22:04 B C:\Siddur Audio\pages\p16.gif --> zim.us /pages p16.gif
2013.11.26 22:04 B C:\Siddur Audio\pages\p17.gif --> zim.us /pages p17.gif
2013.11.26 22:04 B C:\Siddur Audio\pages\p18.gif --> zim.us /pages p18.gif
2013.11.26 22:04 B C:\Siddur Audio\pages\p182.gif --> zim.us /pages p182.gif
2013.11.26 22:04 B C:\Siddur Audio\pages\p185.gif --> zim.us /pages p185.gif
2013.11.26 22:04 B C:\Siddur Audio\pages\p186.gif --> zim.us /pages p186.gif
2013.11.26 22:04 B C:\Siddur Audio\pages\p187.gif --> zim.us /pages p187.gif
2013.11.26 22:04 B C:\Siddur Audio\pages\p19.gif --> zim.us /pages p19.gif
2013.11.26 22:04 B C:\Siddur Audio\pages\p20.gif --> zim.us /pages p20.gif
2013.11.26 22:04 B C:\Siddur Audio\pages\p21.gif --> zim.us /pages p21.gif
2013.11.26 22:04 B C:\Siddur Audio\pages\p22.gif --> zim.us /pages p22.gif
2013.11.26 22:04 B C:\Siddur Audio\pages\p23-24.gif --> zim.us /pages p23-24.gif
2013.11.26 22:04 B C:\Siddur Audio\pages\p28-33.gif --> zim.us /pages p28-33.gif
2013.11.26 22:04 B C:\Siddur Audio\pages\p310.gif --> zim.us /pages p310.gif
2013.11.26 22:04 B C:\Siddur Audio\pages\p312.gif --> zim.us /pages p312.gif
2013.11.26 22:04 B C:\Siddur Audio\pages\p34.gif --> zim.us /pages p34.gif
2013.11.26 22:04 B C:\Siddur Audio\pages\p47.gif --> zim.us /pages p47.gif
2013.11.26 22:04 B C:\Siddur Audio\pages\p48.gif --> zim.us /pages p48.gif
2013.11.26 22:04 B C:\Siddur Audio\pages\p49.gif --> zim.us /pages p49.gif
2013.11.26 22:04 B C:\Siddur Audio\pages\p53.gif --> zim.us /pages p53.gif
2013.11.26 22:05 B C:\Siddur Audio\pages\shema.gif --> zim.us /pages shema.gif
2013.11.26 22:05 B C:\Siddur Audio\pages\Thumbs.db --> zim.us /pages Thumbs.db
2013.11.26 22:05 B C:\Siddur Audio\pages\WS_FTP.LOG --> zim.us /pages WS_FTP.LOG
